<?xml version="1.0" encoding="UTF-8"?>
<!-- Generated by org.testng.reporters.JUnitReportReporter -->
<testsuite hostname="Portatil-Ferran" failures="0" tests="1" name="Academy.validateTitle" time="0.044" errors="0" timestamp="3 Nov 2018 19:18:43 GMT">
  <testcase classname="Academy.validateTitle" name="validateAppTitle" time="0.044"/>
</testsuite> <!-- Academy.validateTitle -->
