<?xml version="1.0" encoding="UTF-8"?>
<!-- Generated by org.testng.reporters.JUnitReportReporter -->
<testsuite hostname="Portatil-Ferran" failures="0" tests="2" name="Academy.HomePage" time="17.399" errors="0" timestamp="3 Nov 2018 19:18:43 GMT">
  <testcase classname="Academy.HomePage" name="basePageNavigation" time="12.848"/>
  <testcase classname="Academy.HomePage" name="basePageNavigation" time="4.551"/>
</testsuite> <!-- Academy.HomePage -->
