<?xml version="1.0" encoding="UTF-8"?>
<!-- Generated by org.testng.reporters.JUnitReportReporter -->
<testsuite hostname="Portatil-Ferran" failures="0" tests="1" name="Academy.validateNavigationBar" time="0.046" errors="0" timestamp="3 Nov 2018 19:18:43 GMT">
  <testcase classname="Academy.validateNavigationBar" name="validateAppNavBar" time="0.046"/>
</testsuite> <!-- Academy.validateNavigationBar -->
